0 info it worked if it ends with ok
1 verbose cli [ '/usr/local/bin/node', '/usr/local/bin/npm', 'run', 'dev' ]
2 info using npm@1.4.21
3 info using node@v0.10.30
4 verbose run-script [ 'predev', 'dev', 'postdev' ]
5 info predev nodeza@0.1.0
6 info dev nodeza@0.1.0
7 verbose unsafe-perm in lifecycle true
8 info nodeza@0.1.0 Failed to exec dev script
9 error nodeza@0.1.0 dev: `env NODE_ENV=development node index.js`
9 error Exit status 8
10 error Failed at the nodeza@0.1.0 dev script.
10 error This is most likely a problem with the nodeza package,
10 error not with npm itself.
10 error Tell the author that this fails on your system:
10 error     env NODE_ENV=development node index.js
10 error You can get their info via:
10 error     npm owner ls nodeza
10 error There is likely additional logging output above.
11 error System Linux 3.2.0-75-generic
12 error command "/usr/local/bin/node" "/usr/local/bin/npm" "run" "dev"
13 error cwd /home/qawe/Desktop/code/nodeza
14 error node -v v0.10.30
15 error npm -v 1.4.21
16 error code ELIFECYCLE
17 verbose exit [ 1, true ]
